mode: set
github.com/achung3071/gpcoin/utils/utils.go:15.30,16.16 1 1
github.com/achung3071/gpcoin/utils/utils.go:16.16,17.13 1 1
github.com/achung3071/gpcoin/utils/utils.go:21.36,26.2 4 1
github.com/achung3071/gpcoin/utils/utils.go:28.44,31.2 2 1
github.com/achung3071/gpcoin/utils/utils.go:33.33,37.2 3 1
github.com/achung3071/gpcoin/utils/utils.go:39.48,41.35 2 1
github.com/achung3071/gpcoin/utils/utils.go:44.2,44.20 1 1
github.com/achung3071/gpcoin/utils/utils.go:41.35,43.3 1 1
github.com/achung3071/gpcoin/utils/utils.go:47.35,51.2 3 1
github.com/achung3071/gpcoin/wallet/wallet.go:37.23,38.14 1 0
github.com/achung3071/gpcoin/wallet/wallet.go:50.2,50.10 1 0
github.com/achung3071/gpcoin/wallet/wallet.go:38.14,40.25 2 0
github.com/achung3071/gpcoin/wallet/wallet.go:48.3,48.41 1 0
github.com/achung3071/gpcoin/wallet/wallet.go:40.25,43.4 1 0
github.com/achung3071/gpcoin/wallet/wallet.go:43.9,47.4 2 0
github.com/achung3071/gpcoin/wallet/wallet.go:54.30,59.2 4 0
github.com/achung3071/gpcoin/wallet/wallet.go:62.43,66.2 3 0
github.com/achung3071/gpcoin/wallet/wallet.go:69.47,74.2 1 1
github.com/achung3071/gpcoin/wallet/wallet.go:77.40,79.2 1 1
github.com/achung3071/gpcoin/wallet/wallet.go:83.66,85.16 2 0
github.com/achung3071/gpcoin/wallet/wallet.go:88.2,92.20 5 0
github.com/achung3071/gpcoin/wallet/wallet.go:85.16,87.3 1 0
github.com/achung3071/gpcoin/wallet/wallet.go:96.37,102.2 5 0
github.com/achung3071/gpcoin/wallet/wallet.go:105.42,111.2 5 1
github.com/achung3071/gpcoin/wallet/wallet.go:114.51,127.2 8 0
github.com/achung3071/gpcoin/wallet/wallet.go:130.30,134.2 3 0
