mode: set
github.com/achung3071/gpcoin/utils/utils.go:15.30,16.16 1 1
github.com/achung3071/gpcoin/utils/utils.go:16.16,17.13 1 1
github.com/achung3071/gpcoin/utils/utils.go:21.36,26.2 4 1
github.com/achung3071/gpcoin/utils/utils.go:28.44,31.2 2 1
github.com/achung3071/gpcoin/utils/utils.go:33.33,37.2 3 1
github.com/achung3071/gpcoin/utils/utils.go:39.48,41.35 2 1
github.com/achung3071/gpcoin/utils/utils.go:44.2,44.20 1 1
github.com/achung3071/gpcoin/utils/utils.go:41.35,43.3 1 1
github.com/achung3071/gpcoin/utils/utils.go:47.35,51.2 3 1
github.com/achung3071/gpcoin/wallet/wallet.go:36.38,40.2 3 0
github.com/achung3071/gpcoin/wallet/wallet.go:42.56,44.2 1 0
github.com/achung3071/gpcoin/wallet/wallet.go:46.52,48.2 1 0
github.com/achung3071/gpcoin/wallet/wallet.go:62.23,63.14 1 1
github.com/achung3071/gpcoin/wallet/wallet.go:75.2,75.10 1 1
github.com/achung3071/gpcoin/wallet/wallet.go:63.14,65.31 2 1
github.com/achung3071/gpcoin/wallet/wallet.go:73.3,73.41 1 1
github.com/achung3071/gpcoin/wallet/wallet.go:65.31,68.4 1 1
github.com/achung3071/gpcoin/wallet/wallet.go:68.9,72.4 2 1
github.com/achung3071/gpcoin/wallet/wallet.go:79.30,84.2 4 1
github.com/achung3071/gpcoin/wallet/wallet.go:87.43,91.2 3 1
github.com/achung3071/gpcoin/wallet/wallet.go:94.47,99.2 1 1
github.com/achung3071/gpcoin/wallet/wallet.go:102.40,104.2 1 1
github.com/achung3071/gpcoin/wallet/wallet.go:108.66,110.16 2 1
github.com/achung3071/gpcoin/wallet/wallet.go:113.2,117.20 5 1
github.com/achung3071/gpcoin/wallet/wallet.go:110.16,112.3 1 1
github.com/achung3071/gpcoin/wallet/wallet.go:121.37,127.2 5 1
github.com/achung3071/gpcoin/wallet/wallet.go:130.42,136.2 5 1
github.com/achung3071/gpcoin/wallet/wallet.go:139.51,152.2 8 1
github.com/achung3071/gpcoin/blockchain/block.go:25.28,27.2 1 1
github.com/achung3071/gpcoin/blockchain/block.go:30.64,44.2 5 1
github.com/achung3071/gpcoin/blockchain/block.go:47.45,49.23 2 1
github.com/achung3071/gpcoin/blockchain/block.go:52.2,54.19 3 1
github.com/achung3071/gpcoin/blockchain/block.go:49.23,51.3 1 1
github.com/achung3071/gpcoin/blockchain/block.go:59.24,61.6 2 1
github.com/achung3071/gpcoin/blockchain/block.go:61.6,64.38 3 1
github.com/achung3071/gpcoin/blockchain/block.go:64.38,66.9 2 1
github.com/achung3071/gpcoin/blockchain/block.go:67.9,69.4 1 1
github.com/achung3071/gpcoin/blockchain/block.go:74.38,76.2 1 1
github.com/achung3071/gpcoin/blockchain/blockchain.go:42.31,44.17 1 1
github.com/achung3071/gpcoin/blockchain/blockchain.go:57.2,57.10 1 1
github.com/achung3071/gpcoin/blockchain/blockchain.go:44.17,49.23 3 1
github.com/achung3071/gpcoin/blockchain/blockchain.go:49.23,53.4 1 1
github.com/achung3071/gpcoin/blockchain/blockchain.go:53.9,55.4 1 1
github.com/achung3071/gpcoin/blockchain/blockchain.go:61.58,64.31 3 0
github.com/achung3071/gpcoin/blockchain/blockchain.go:67.2,67.16 1 0
github.com/achung3071/gpcoin/blockchain/blockchain.go:64.31,66.3 1 0
github.com/achung3071/gpcoin/blockchain/blockchain.go:71.37,76.6 5 1
github.com/achung3071/gpcoin/blockchain/blockchain.go:86.2,86.15 1 1
github.com/achung3071/gpcoin/blockchain/blockchain.go:76.6,80.27 4 1
github.com/achung3071/gpcoin/blockchain/blockchain.go:80.27,82.4 1 1
github.com/achung3071/gpcoin/blockchain/blockchain.go:82.9,83.9 1 1
github.com/achung3071/gpcoin/blockchain/blockchain.go:90.38,92.2 1 1
github.com/achung3071/gpcoin/blockchain/blockchain.go:95.39,96.19 1 1
github.com/achung3071/gpcoin/blockchain/blockchain.go:96.19,99.3 1 1
github.com/achung3071/gpcoin/blockchain/blockchain.go:99.8,99.28 1 0
github.com/achung3071/gpcoin/blockchain/blockchain.go:99.28,102.3 1 0
github.com/achung3071/gpcoin/blockchain/blockchain.go:102.8,105.3 1 0
github.com/achung3071/gpcoin/blockchain/blockchain.go:109.45,111.25 2 1
github.com/achung3071/gpcoin/blockchain/blockchain.go:116.2,116.12 1 1
github.com/achung3071/gpcoin/blockchain/blockchain.go:111.25,112.20 1 1
github.com/achung3071/gpcoin/blockchain/blockchain.go:112.20,114.4 1 1
github.com/achung3071/gpcoin/blockchain/blockchain.go:121.47,128.59 6 0
github.com/achung3071/gpcoin/blockchain/blockchain.go:128.59,130.3 1 0
github.com/achung3071/gpcoin/blockchain/blockchain.go:130.8,130.66 1 0
github.com/achung3071/gpcoin/blockchain/blockchain.go:130.66,132.3 1 0
github.com/achung3071/gpcoin/blockchain/blockchain.go:132.8,134.3 1 0
github.com/achung3071/gpcoin/blockchain/blockchain.go:138.52,142.2 3 0
github.com/achung3071/gpcoin/blockchain/blockchain.go:145.31,147.34 2 1
github.com/achung3071/gpcoin/blockchain/blockchain.go:150.2,150.12 1 1
github.com/achung3071/gpcoin/blockchain/blockchain.go:147.34,149.3 1 1
github.com/achung3071/gpcoin/blockchain/blockchain.go:154.64,157.34 3 0
github.com/achung3071/gpcoin/blockchain/blockchain.go:189.2,189.16 1 0
github.com/achung3071/gpcoin/blockchain/blockchain.go:157.34,158.41 1 0
github.com/achung3071/gpcoin/blockchain/blockchain.go:158.41,159.34 1 0
github.com/achung3071/gpcoin/blockchain/blockchain.go:169.4,169.38 1 0
github.com/achung3071/gpcoin/blockchain/blockchain.go:159.34,160.37 1 0
github.com/achung3071/gpcoin/blockchain/blockchain.go:164.5,164.78 1 0
github.com/achung3071/gpcoin/blockchain/blockchain.go:160.37,161.11 1 0
github.com/achung3071/gpcoin/blockchain/blockchain.go:164.78,167.6 1 0
github.com/achung3071/gpcoin/blockchain/blockchain.go:169.38,170.33 1 0
github.com/achung3071/gpcoin/blockchain/blockchain.go:170.33,173.22 2 0
github.com/achung3071/gpcoin/blockchain/blockchain.go:184.6,184.11 1 0
github.com/achung3071/gpcoin/blockchain/blockchain.go:173.22,180.31 2 0
github.com/achung3071/gpcoin/blockchain/blockchain.go:180.31,182.8 1 0
github.com/achung3071/gpcoin/blockchain/blockchain.go:194.40,202.2 6 1
github.com/achung3071/gpcoin/blockchain/blockchain.go:205.53,218.40 10 0
github.com/achung3071/gpcoin/blockchain/blockchain.go:218.40,220.9 2 0
github.com/achung3071/gpcoin/blockchain/blockchain.go:220.9,222.4 1 0
github.com/achung3071/gpcoin/blockchain/blockchain.go:227.47,235.31 8 0
github.com/achung3071/gpcoin/blockchain/blockchain.go:235.31,237.3 1 0
github.com/achung3071/gpcoin/blockchain/blockchain.go:241.43,243.2 1 1
github.com/achung3071/gpcoin/blockchain/transaction.go:62.25,63.20 1 1
github.com/achung3071/gpcoin/blockchain/transaction.go:66.2,66.10 1 1
github.com/achung3071/gpcoin/blockchain/transaction.go:63.20,65.3 1 1
github.com/achung3071/gpcoin/blockchain/transaction.go:71.29,82.2 5 1
github.com/achung3071/gpcoin/blockchain/transaction.go:85.38,88.35 2 0
github.com/achung3071/gpcoin/blockchain/transaction.go:96.2,96.15 1 0
github.com/achung3071/gpcoin/blockchain/transaction.go:88.35,89.33 1 0
github.com/achung3071/gpcoin/blockchain/transaction.go:89.33,90.62 1 0
github.com/achung3071/gpcoin/blockchain/transaction.go:90.62,92.16 2 0
github.com/achung3071/gpcoin/blockchain/transaction.go:100.62,102.26 2 0
github.com/achung3071/gpcoin/blockchain/transaction.go:105.2,110.33 5 0
github.com/achung3071/gpcoin/blockchain/transaction.go:118.2,118.42 1 0
github.com/achung3071/gpcoin/blockchain/transaction.go:122.2,133.12 6 0
github.com/achung3071/gpcoin/blockchain/transaction.go:136.2,136.17 1 0
github.com/achung3071/gpcoin/blockchain/transaction.go:102.26,104.3 1 0
github.com/achung3071/gpcoin/blockchain/transaction.go:110.33,111.22 1 0
github.com/achung3071/gpcoin/blockchain/transaction.go:114.3,115.64 2 0
github.com/achung3071/gpcoin/blockchain/transaction.go:111.22,112.9 1 0
github.com/achung3071/gpcoin/blockchain/transaction.go:118.42,121.3 1 0
github.com/achung3071/gpcoin/blockchain/transaction.go:133.12,135.3 1 0
github.com/achung3071/gpcoin/blockchain/transaction.go:141.28,142.32 1 0
github.com/achung3071/gpcoin/blockchain/transaction.go:157.2,157.13 1 0
github.com/achung3071/gpcoin/blockchain/transaction.go:142.32,145.20 2 0
github.com/achung3071/gpcoin/blockchain/transaction.go:149.3,153.53 3 0
github.com/achung3071/gpcoin/blockchain/transaction.go:145.20,148.4 1 0
github.com/achung3071/gpcoin/blockchain/transaction.go:153.53,155.4 1 0
github.com/achung3071/gpcoin/blockchain/transaction.go:162.61,164.16 2 0
github.com/achung3071/gpcoin/blockchain/transaction.go:167.2,168.16 2 0
github.com/achung3071/gpcoin/blockchain/transaction.go:164.16,166.3 1 0
github.com/achung3071/gpcoin/blockchain/transaction.go:172.41,176.2 3 0
github.com/achung3071/gpcoin/blockchain/transaction.go:179.38,182.27 2 1
github.com/achung3071/gpcoin/blockchain/transaction.go:185.2,186.12 2 1
github.com/achung3071/gpcoin/blockchain/transaction.go:182.27,184.3 1 1
github.com/achung3071/gpcoin/blockchain/transaction.go:190.22,192.2 1 1
github.com/achung3071/gpcoin/blockchain/transaction.go:195.21,196.31 1 0
github.com/achung3071/gpcoin/blockchain/transaction.go:196.31,199.3 1 0
